#
# A fatal error has been detected by the Java Runtime Environment:
#
#  Internal Error (safepoint.cpp:919), pid=6140, tid=35591
#  fatal error: Illegal threadstate encountered: 4
#
# JRE version: OpenJDK Runtime Environment Temurin-11.0.14.1+1 (11.0.14.1+1) (build 11.0.14.1+1)
# Java VM: OpenJDK 64-Bit Server VM Temurin-11.0.14.1+1 (11.0.14.1+1, mixed mode, tiered, compressed oops, g1 gc, bsd-amd64)
# No core dump will be written. Core dumps have been disabled. To enable core dumping, try "ulimit -c unlimited" before starting Java again
#
# If you would like to submit a bug report, please visit:
#   https://github.com/adoptium/adoptium-support/issues
# The crash happened outside the Java Virtual Machine in native code.
# See problematic frame for where to report the bug.
#

---------------  S U M M A R Y ------------

Command Line: -Dfile.encoding=UTF-8 it.polito.tdp.PremierLeague.Main

Host: MacBookPro12,1 x86_64 2700 MHz, 4 cores, 8G, Darwin 21.3.0
Time: Sun Jun 19 18:13:58 2022 CEST elapsed time: 6.986355 seconds (0d 0h 0m 6s)

---------------  T H R E A D  ---------------

Current thread (0x00007fd443b78800):  JavaThread "InvokeLaterDispatcher" daemon [_thread_in_native, id=35591, stack(0x00007000019be000,0x0000700001abe000)]

Stack: [0x00007000019be000,0x0000700001abe000],  sp=0x0000700001abc2d0,  free space=1016k
Native frames: (J=compiled Java code, A=aot compiled Java code, j=interpreted, Vv=VM code, C=native code)
V  [libjvm.dylib+0x7c5ab3]  _ZN7VMError14report_and_dieEiPKcS1_P13__va_list_tagP6ThreadPhPvS7_S1_im+0x601
V  [libjvm.dylib+0x276985]  _Z12report_fatal11VMErrorTypePKciS1_z+0xc0
V  [libjvm.dylib+0x69bc15]  _ZN20SafepointSynchronize5blockEP10JavaThread+0x1d9
V  [libjvm.dylib+0x69d183]  _ZN18SafepointMechanism23block_if_requested_slowEP10JavaThread+0x1d
V  [libjvm.dylib+0x77e5c4]  _ZN10JavaThread44check_safepoint_and_suspend_for_native_transEPS_+0x9c
V  [libjvm.dylib+0x3f36ae]  jni_DeleteGlobalRef+0x93
C  [libglass.dylib+0x8871]  -[GlassRunnable dealloc]+0x31
C  [Foundation+0x80eab]  -[_NSThreadPerformInfo dealloc]+0x2a
C  [Foundation+0x4dcd7]  -[NSObject(NSThreadPerformAdditions) performSelectorOnMainThread:withObject:waitUntilDone:]+0x7c
j  com.sun.glass.ui.mac.MacApplication._submitForLaterInvocation(Ljava/lang/Runnable;)V+0
j  com.sun.glass.ui.mac.MacApplication.submitForLaterInvocation(Ljava/lang/Runnable;)V+2
j  com.sun.glass.ui.InvokeLaterDispatcher.run()V+82
v  ~StubRoutines::call_stub
V  [libjvm.dylib+0x3b7c22]  _ZN9JavaCalls11call_helperEP9JavaValueRK12methodHandleP17JavaCallArgumentsP6Thread+0x1fe
V  [libjvm.dylib+0x3b7088]  _ZN9JavaCalls12call_virtualEP9JavaValueP5KlassP6SymbolS5_P17JavaCallArgumentsP6Thread+0xee
V  [libjvm.dylib+0x3b7144]  _ZN9JavaCalls12call_virtualEP9JavaValue6HandleP5KlassP6SymbolS6_P6Thread+0x62
V  [libjvm.dylib+0x43dfce]  _ZL12thread_entryP10JavaThreadP6Thread+0x78
V  [libjvm.dylib+0x77d03c]  _ZN10JavaThread17thread_main_innerEv+0x82
V  [libjvm.dylib+0x77ce86]  _ZN10JavaThread3runEv+0x122
V  [libjvm.dylib+0x77ada0]  _ZN6Thread8call_runEv+0x68
V  [libjvm.dylib+0x6291d1]  _ZL19thread_native_entryP6Thread+0x139
C  [libsystem_pthread.dylib+0x64f4]  _pthread_start+0x7d
C  [libsystem_pthread.dylib+0x200f]  thread_start+0xf

Java frames: (J=compiled Java code, j=interpreted, Vv=VM code)
j  com.sun.glass.ui.mac.MacApplication._submitForLaterInvocation(Ljava/lang/Runnable;)V+0
j  com.sun.glass.ui.mac.MacApplication.submitForLaterInvocation(Ljava/lang/Runnable;)V+2
j  com.sun.glass.ui.InvokeLaterDispatcher.run()V+82
v  ~StubRoutines::call_stub

---------------  P R O C E S S  ---------------

Threads class SMR info:
_java_thread_list=0x0000600001dff540, length=16, elements={
0x00007fd44480a800, 0x00007fd44385f800, 0x00007fd442813800, 0x00007fd44486f000,
0x00007fd44486e000, 0x00007fd44487a800, 0x00007fd442817800, 0x00007fd44487b800,
0x00007fd443865000, 0x00007fd443921000, 0x00007fd443a90000, 0x00007fd443b78800,
0x00007fd443b79800, 0x00007fd4441f5800, 0x00007fd443d47000, 0x00007fd442bcd800
}

Java Threads: ( => current thread )
  0x00007fd44480a800 JavaThread "main" [_thread_blocked, id=9731, stack(0x0000700000682000,0x0000700000782000)]
  0x00007fd44385f800 JavaThread "Reference Handler" daemon [_thread_blocked, id=14595, stack(0x0000700000d97000,0x0000700000e97000)]
  0x00007fd442813800 JavaThread "Finalizer" daemon [_thread_blocked, id=18947, stack(0x0000700000e9a000,0x0000700000f9a000)]
  0x00007fd44486f000 JavaThread "Signal Dispatcher" daemon [_thread_blocked, id=16643, stack(0x00007000010a3000,0x00007000011a3000)]
  0x00007fd44486e000 JavaThread "Service Thread" daemon [_thread_blocked, id=22019, stack(0x00007000011a6000,0x00007000012a6000)]
  0x00007fd44487a800 JavaThread "C2 CompilerThread0" daemon [_thread_in_native, id=42755, stack(0x00007000012a9000,0x00007000013a9000)]
  0x00007fd442817800 JavaThread "C1 CompilerThread0" daemon [_thread_blocked, id=22275, stack(0x00007000013ac000,0x00007000014ac000)]
  0x00007fd44487b800 JavaThread "Sweeper thread" daemon [_thread_blocked, id=41475, stack(0x00007000014af000,0x00007000015af000)]
  0x00007fd443865000 JavaThread "Common-Cleaner" daemon [_thread_blocked, id=40707, stack(0x00007000016b5000,0x00007000017b5000)]
  0x00007fd443921000 JavaThread "JavaFX-Launcher" [_thread_blocked, id=40451, stack(0x00007000017b8000,0x00007000018b8000)]
  0x00007fd443a90000 JavaThread "QuantumRenderer-0" daemon [_thread_blocked, id=40195, stack(0x00007000018bb000,0x00007000019bb000)]
=>0x00007fd443b78800 JavaThread "InvokeLaterDispatcher" daemon [_thread_in_native, id=35591, stack(0x00007000019be000,0x0000700001abe000)]
  0x00007fd443b79800 JavaThread "JavaFX Application Thread" [_thread_in_native, id=259, stack(0x00007ff7b4a85000,0x00007ff7b5285000)]
  0x00007fd4441f5800 JavaThread "Thread-3" daemon [_thread_in_native, id=84235, stack(0x0000700001ac1000,0x0000700001b41000)]
  0x00007fd443d47000 JavaThread "Prism Font Disposer" daemon [_thread_blocked, id=54047, stack(0x0000700001fd6000,0x00007000020d6000)]
  0x00007fd442bcd800 JavaThread "Cleaner-0" daemon [_thread_blocked, id=65547, stack(0x00007000020d9000,0x00007000021d9000)]

Other Threads:
  0x00007fd442809000 VMThread "VM Thread" [stack: 0x0000700000c94000,0x0000700000d94000] [id=19459]
  0x00007fd4448c6800 WatcherThread [stack: 0x00007000015b2000,0x00007000016b2000] [id=40963]
  0x00007fd44480c000 GCTaskThread "GC Thread#0" [stack: 0x0000700000785000,0x0000700000885000] [id=11523]
  0x00007fd442a0f000 GCTaskThread "GC Thread#1" [stack: 0x0000700001ccd000,0x0000700001dcd000] [id=75015]
  0x00007fd443bf5800 GCTaskThread "GC Thread#2" [stack: 0x0000700001dd0000,0x0000700001ed0000] [id=52743]
  0x00007fd443bf6800 GCTaskThread "GC Thread#3" [stack: 0x0000700001ed3000,0x0000700001fd3000] [id=74499]
  0x00007fd44483a000 ConcurrentGCThread "G1 Main Marker" [stack: 0x0000700000888000,0x0000700000988000] [id=20739]
  0x00007fd44483b000 ConcurrentGCThread "G1 Conc#0" [stack: 0x000070000098b000,0x0000700000a8b000] [id=20227]
  0x00007fd44385c000 ConcurrentGCThread "G1 Refine#0" [stack: 0x0000700000a8e000,0x0000700000b8e000] [id=12547]
  0x00007fd44385d000 ConcurrentGCThread "G1 Young RemSet Sampling" [stack: 0x0000700000b91000,0x0000700000c91000] [id=13059]

Threads with active compile tasks:
C2 CompilerThread0   7006 2382       4       com.sun.marlin.MaskMarlinAlphaConsumer::setAndClearRelativeAlphas (641 bytes)

VM state:not at safepoint (normal execution)

VM Mutex/Monitor currently owned by a thread: None

Heap address: 0x0000000780000000, size: 2048 MB, Compressed Oops mode: Zero based, Oop shift amount: 3
Narrow klass base: 0x0000000800000000, Narrow klass shift: 0
Compressed class space size: 1073741824 Address: 0x0000000800000000

Heap:
 garbage-first heap   total 131072K, used 20061K [0x0000000780000000, 0x0000000800000000)
  region size 1024K, 18 young (18432K), 6 survivors (6144K)
 Metaspace       used 23652K, capacity 24581K, committed 24704K, reserved 1071104K
  class space    used 3059K, capacity 3441K, committed 3456K, reserved 1048576K
Heap Regions: E=young(eden), S=young(survivor), O=old, HS=humongous(starts), HC=humongous(continues), CS=collection set, F=free, A=archive, TAMS=top-at-mark-start (previous, next)
|   0|0x0000000780000000, 0x000000078009e200, 0x0000000780100000| 61%| O|  |TAMS 0x000000078009e200, 0x0000000780000000| Untracked 
|   1|0x0000000780100000, 0x0000000780200000, 0x0000000780200000|100%|HS|  |TAMS 0x0000000780100000, 0x0000000780100000| Complete 
|   2|0x0000000780200000, 0x0000000780300000, 0x0000000780300000|100%|HC|  |TAMS 0x0000000780200000, 0x0000000780200000| Complete 
|   3|0x0000000780300000, 0x0000000780300000, 0x0000000780400000|  0%| F|  |TAMS 0x0000000780300000, 0x0000000780300000| Untracked 
|   4|0x0000000780400000, 0x0000000780400000, 0x0000000780500000|  0%| F|  |TAMS 0x0000000780400000, 0x0000000780400000| Untracked 
|   5|0x0000000780500000, 0x0000000780500000, 0x0000000780600000|  0%| F|  |TAMS 0x0000000780500000, 0x0000000780500000| Untracked 
|   6|0x0000000780600000, 0x0000000780600000, 0x0000000780700000|  0%| F|  |TAMS 0x0000000780600000, 0x0000000780600000| Untracked 
|   7|0x0000000780700000, 0x0000000780700000, 0x0000000780800000|  0%| F|  |TAMS 0x0000000780700000, 0x0000000780700000| Untracked 
|   8|0x0000000780800000, 0x0000000780800000, 0x0000000780900000|  0%| F|  |TAMS 0x0000000780800000, 0x0000000780800000| Untracked 
|   9|0x0000000780900000, 0x0000000780900000, 0x0000000780a00000|  0%| F|  |TAMS 0x0000000780900000, 0x0000000780900000| Untracked 
|  10|0x0000000780a00000, 0x0000000780a00000, 0x0000000780b00000|  0%| F|  |TAMS 0x0000000780a00000, 0x0000000780a00000| Untracked 
|  11|0x0000000780b00000, 0x0000000780b00000, 0x0000000780c00000|  0%| F|  |TAMS 0x0000000780b00000, 0x0000000780b00000| Untracked 
|  12|0x0000000780c00000, 0x0000000780c00000, 0x0000000780d00000|  0%| F|  |TAMS 0x0000000780c00000, 0x0000000780c00000| Untracked 
|  13|0x0000000780d00000, 0x0000000780d00000, 0x0000000780e00000|  0%| F|  |TAMS 0x0000000780d00000, 0x0000000780d00000| Untracked 
|  14|0x0000000780e00000, 0x0000000780e00000, 0x0000000780f00000|  0%| F|  |TAMS 0x0000000780e00000, 0x0000000780e00000| Untracked 
|  15|0x0000000780f00000, 0x0000000780f00000, 0x0000000781000000|  0%| F|  |TAMS 0x0000000780f00000, 0x0000000780f00000| Untracked 
|  16|0x0000000781000000, 0x0000000781000000, 0x0000000781100000|  0%| F|  |TAMS 0x0000000781000000, 0x0000000781000000| Untracked 
|  17|0x0000000781100000, 0x0000000781100000, 0x0000000781200000|  0%| F|  |TAMS 0x0000000781100000, 0x0000000781100000| Untracked 
|  18|0x0000000781200000, 0x0000000781200000, 0x0000000781300000|  0%| F|  |TAMS 0x0000000781200000, 0x0000000781200000| Untracked 
|  19|0x0000000781300000, 0x0000000781300000, 0x0000000781400000|  0%| F|  |TAMS 0x0000000781300000, 0x0000000781300000| Untracked 
|  20|0x0000000781400000, 0x0000000781400000, 0x0000000781500000|  0%| F|  |TAMS 0x0000000781400000, 0x0000000781400000| Untracked 
|  21|0x0000000781500000, 0x0000000781500000, 0x0000000781600000|  0%| F|  |TAMS 0x0000000781500000, 0x0000000781500000| Untracked 
|  22|0x0000000781600000, 0x0000000781600000, 0x0000000781700000|  0%| F|  |TAMS 0x0000000781600000, 0x0000000781600000| Untracked 
|  23|0x0000000781700000, 0x0000000781700000, 0x0000000781800000|  0%| F|  |TAMS 0x0000000781700000, 0x0000000781700000| Untracked 
|  24|0x0000000781800000, 0x0000000781800000, 0x0000000781900000|  0%| F|  |TAMS 0x0000000781800000, 0x0000000781800000| Untracked 
|  25|0x0000000781900000, 0x0000000781900000, 0x0000000781a00000|  0%| F|  |TAMS 0x0000000781900000, 0x0000000781900000| Untracked 
|  26|0x0000000781a00000, 0x0000000781a00000, 0x0000000781b00000|  0%| F|  |TAMS 0x0000000781a00000, 0x0000000781a00000| Untracked 
|  27|0x0000000781b00000, 0x0000000781b00000, 0x0000000781c00000|  0%| F|  |TAMS 0x0000000781b00000, 0x0000000781b00000| Untracked 
|  28|0x0000000781c00000, 0x0000000781c00000, 0x0000000781d00000|  0%| F|  |TAMS 0x0000000781c00000, 0x0000000781c00000| Untracked 
|  29|0x0000000781d00000, 0x0000000781d00000, 0x0000000781e00000|  0%| F|  |TAMS 0x0000000781d00000, 0x0000000781d00000| Untracked 
|  30|0x0000000781e00000, 0x0000000781e00000, 0x0000000781f00000|  0%| F|  |TAMS 0x0000000781e00000, 0x0000000781e00000| Untracked 
|  31|0x0000000781f00000, 0x0000000781f00000, 0x0000000782000000|  0%| F|  |TAMS 0x0000000781f00000, 0x0000000781f00000| Untracked 
|  32|0x0000000782000000, 0x0000000782000000, 0x0000000782100000|  0%| F|  |TAMS 0x0000000782000000, 0x0000000782000000| Untracked 
|  33|0x0000000782100000, 0x0000000782100000, 0x0000000782200000|  0%| F|  |TAMS 0x0000000782100000, 0x0000000782100000| Untracked 
|  34|0x0000000782200000, 0x0000000782200000, 0x0000000782300000|  0%| F|  |TAMS 0x0000000782200000, 0x0000000782200000| Untracked 
|  35|0x0000000782300000, 0x0000000782300000, 0x0000000782400000|  0%| F|  |TAMS 0x0000000782300000, 0x0000000782300000| Untracked 
|  36|0x0000000782400000, 0x0000000782400000, 0x0000000782500000|  0%| F|  |TAMS 0x0000000782400000, 0x0000000782400000| Untracked 
|  37|0x0000000782500000, 0x0000000782500000, 0x0000000782600000|  0%| F|  |TAMS 0x0000000782500000, 0x0000000782500000| Untracked 
|  38|0x0000000782600000, 0x0000000782600000, 0x0000000782700000|  0%| F|  |TAMS 0x0000000782600000, 0x0000000782600000| Untracked 
|  39|0x0000000782700000, 0x0000000782700000, 0x0000000782800000|  0%| F|  |TAMS 0x0000000782700000, 0x0000000782700000| Untracked 
|  40|0x0000000782800000, 0x0000000782800000, 0x0000000782900000|  0%| F|  |TAMS 0x0000000782800000, 0x0000000782800000| Untracked 
|  41|0x0000000782900000, 0x0000000782900000, 0x0000000782a00000|  0%| F|  |TAMS 0x0000000782900000, 0x0000000782900000| Untracked 
|  42|0x0000000782a00000, 0x0000000782a00000, 0x0000000782b00000|  0%| F|  |TAMS 0x0000000782a00000, 0x0000000782a00000| Untracked 
|  43|0x0000000782b00000, 0x0000000782b00000, 0x0000000782c00000|  0%| F|  |TAMS 0x0000000782b00000, 0x0000000782b00000| Untracked 
|  44|0x0000000782c00000, 0x0000000782c00000, 0x0000000782d00000|  0%| F|  |TAMS 0x0000000782c00000, 0x0000000782c00000| Untracked 
|  45|0x0000000782d00000, 0x0000000782d00000, 0x0000000782e00000|  0%| F|  |TAMS 0x0000000782d00000, 0x0000000782d00000| Untracked 
|  46|0x0000000782e00000, 0x0000000782e00000, 0x0000000782f00000|  0%| F|  |TAMS 0x0000000782e00000, 0x0000000782e00000| Untracked 
|  47|0x0000000782f00000, 0x0000000782f00000, 0x0000000783000000|  0%| F|  |TAMS 0x0000000782f00000, 0x0000000782f00000| Untracked 
|  48|0x0000000783000000, 0x0000000783000000, 0x0000000783100000|  0%| F|  |TAMS 0x0000000783000000, 0x0000000783000000| Untracked 
|  49|0x0000000783100000, 0x0000000783100000, 0x0000000783200000|  0%| F|  |TAMS 0x0000000783100000, 0x0000000783100000| Untracked 
|  50|0x0000000783200000, 0x0000000783200000, 0x0000000783300000|  0%| F|  |TAMS 0x0000000783200000, 0x0000000783200000| Untracked 
|  51|0x0000000783300000, 0x0000000783300000, 0x0000000783400000|  0%| F|  |TAMS 0x0000000783300000, 0x0000000783300000| Untracked 
|  52|0x0000000783400000, 0x0000000783400000, 0x0000000783500000|  0%| F|  |TAMS 0x0000000783400000, 0x0000000783400000| Untracked 
|  53|0x0000000783500000, 0x0000000783500000, 0x0000000783600000|  0%| F|  |TAMS 0x0000000783500000, 0x0000000783500000| Untracked 
|  54|0x0000000783600000, 0x0000000783600000, 0x0000000783700000|  0%| F|  |TAMS 0x0000000783600000, 0x0000000783600000| Untracked 
|  55|0x0000000783700000, 0x0000000783700000, 0x0000000783800000|  0%| F|  |TAMS 0x0000000783700000, 0x0000000783700000| Untracked 
|  56|0x0000000783800000, 0x0000000783800000, 0x0000000783900000|  0%| F|  |TAMS 0x0000000783800000, 0x0000000783800000| Untracked 
|  57|0x0000000783900000, 0x0000000783900000, 0x0000000783a00000|  0%| F|  |TAMS 0x0000000783900000, 0x0000000783900000| Untracked 
|  58|0x0000000783a00000, 0x0000000783a00000, 0x0000000783b00000|  0%| F|  |TAMS 0x0000000783a00000, 0x0000000783a00000| Untracked 
|  59|0x0000000783b00000, 0x0000000783b00000, 0x0000000783c00000|  0%| F|  |TAMS 0x0000000783b00000, 0x0000000783b00000| Untracked 
|  60|0x0000000783c00000, 0x0000000783c00000, 0x0000000783d00000|  0%| F|  |TAMS 0x0000000783c00000, 0x0000000783c00000| Untracked 
|  61|0x0000000783d00000, 0x0000000783d00000, 0x0000000783e00000|  0%| F|  |TAMS 0x0000000783d00000, 0x0000000783d00000| Untracked 
|  62|0x0000000783e00000, 0x0000000783e00000, 0x0000000783f00000|  0%| F|  |TAMS 0x0000000783e00000, 0x0000000783e00000| Untracked 
|  63|0x0000000783f00000, 0x0000000783f00000, 0x0000000784000000|  0%| F|  |TAMS 0x0000000783f00000, 0x0000000783f00000| Untracked 
|  64|0x0000000784000000, 0x0000000784000000, 0x0000000784100000|  0%| F|  |TAMS 0x0000000784000000, 0x0000000784000000| Untracked 
|  65|0x0000000784100000, 0x0000000784100000, 0x0000000784200000|  0%| F|  |TAMS 0x0000000784100000, 0x0000000784100000| Untracked 
|  66|0x0000000784200000, 0x0000000784200000, 0x0000000784300000|  0%| F|  |TAMS 0x0000000784200000, 0x0000000784200000| Untracked 
|  67|0x0000000784300000, 0x0000000784300000, 0x0000000784400000|  0%| F|  |TAMS 0x0000000784300000, 0x0000000784300000| Untracked 
|  68|0x0000000784400000, 0x0000000784400000, 0x0000000784500000|  0%| F|  |TAMS 0x0000000784400000, 0x0000000784400000| Untracked 
|  69|0x0000000784500000, 0x0000000784500000, 0x0000000784600000|  0%| F|  |TAMS 0x0000000784500000, 0x0000000784500000| Untracked 
|  70|0x0000000784600000, 0x0000000784600000, 0x0000000784700000|  0%| F|  |TAMS 0x0000000784600000, 0x0000000784600000| Untracked 
|  71|0x0000000784700000, 0x0000000784700000, 0x0000000784800000|  0%| F|  |TAMS 0x0000000784700000, 0x0000000784700000| Untracked 
|  72|0x0000000784800000, 0x0000000784800000, 0x0000000784900000|  0%| F|  |TAMS 0x0000000784800000, 0x0000000784800000| Untracked 
|  73|0x0000000784900000, 0x0000000784900000, 0x0000000784a00000|  0%| F|  |TAMS 0x0000000784900000, 0x0000000784900000| Untracked 
|  74|0x0000000784a00000, 0x0000000784a00000, 0x0000000784b00000|  0%| F|  |TAMS 0x0000000784a00000, 0x0000000784a00000| Untracked 
|  75|0x0000000784b00000, 0x0000000784b00000, 0x0000000784c00000|  0%| F|  |TAMS 0x0000000784b00000, 0x0000000784b00000| Untracked 
|  76|0x0000000784c00000, 0x0000000784c00000, 0x0000000784d00000|  0%| F|  |TAMS 0x0000000784c00000, 0x0000000784c00000| Untracked 
|  77|0x0000000784d00000, 0x0000000784d00000, 0x0000000784e00000|  0%| F|  |TAMS 0x0000000784d00000, 0x0000000784d00000| Untracked 
|  78|0x0000000784e00000, 0x0000000784e00000, 0x0000000784f00000|  0%| F|  |TAMS 0x0000000784e00000, 0x0000000784e00000| Untracked 
|  79|0x0000000784f00000, 0x0000000784f00000, 0x0000000785000000|  0%| F|  |TAMS 0x0000000784f00000, 0x0000000784f00000| Untracked 
|  80|0x0000000785000000, 0x0000000785000000, 0x0000000785100000|  0%| F|  |TAMS 0x0000000785000000, 0x0000000785000000| Untracked 
|  81|0x0000000785100000, 0x0000000785100000, 0x0000000785200000|  0%| F|  |TAMS 0x0000000785100000, 0x0000000785100000| Untracked 
|  82|0x0000000785200000, 0x0000000785200000, 0x0000000785300000|  0%| F|  |TAMS 0x0000000785200000, 0x0000000785200000| Untracked 
|  83|0x0000000785300000, 0x0000000785300000, 0x0000000785400000|  0%| F|  |TAMS 0x0000000785300000, 0x0000000785300000| Untracked 
|  84|0x0000000785400000, 0x0000000785400000, 0x0000000785500000|  0%| F|  |TAMS 0x0000000785400000, 0x0000000785400000| Untracked 
|  85|0x0000000785500000, 0x0000000785500000, 0x0000000785600000|  0%| F|  |TAMS 0x0000000785500000, 0x0000000785500000| Untracked 
|  86|0x0000000785600000, 0x0000000785600000, 0x0000000785700000|  0%| F|  |TAMS 0x0000000785600000, 0x0000000785600000| Untracked 
|  87|0x0000000785700000, 0x0000000785700000, 0x0000000785800000|  0%| F|  |TAMS 0x0000000785700000, 0x0000000785700000| Untracked 
|  88|0x0000000785800000, 0x0000000785800000, 0x0000000785900000|  0%| F|  |TAMS 0x0000000785800000, 0x0000000785800000| Untracked 
|  89|0x0000000785900000, 0x0000000785900000, 0x0000000785a00000|  0%| F|  |TAMS 0x0000000785900000, 0x0000000785900000| Untracked 
|  90|0x0000000785a00000, 0x0000000785af9400, 0x0000000785b00000| 97%| S|CS|TAMS 0x0000000785a00000, 0x0000000785a00000| Complete 
|  91|0x0000000785b00000, 0x0000000785c00000, 0x0000000785c00000|100%| S|CS|TAMS 0x0000000785b00000, 0x0000000785b00000| Complete 
|  92|0x0000000785c00000, 0x0000000785d00000, 0x0000000785d00000|100%| S|CS|TAMS 0x0000000785c00000, 0x0000000785c00000| Complete 
|  93|0x0000000785d00000, 0x0000000785e00000, 0x0000000785e00000|100%| S|CS|TAMS 0x0000000785d00000, 0x0000000785d00000| Complete 
|  94|0x0000000785e00000, 0x0000000785f00000, 0x0000000785f00000|100%| S|CS|TAMS 0x0000000785e00000, 0x0000000785e00000| Complete 
|  95|0x0000000785f00000, 0x0000000786000000, 0x0000000786000000|100%| S|CS|TAMS 0x0000000785f00000, 0x0000000785f00000| Complete 
|  96|0x0000000786000000, 0x0000000786000000, 0x0000000786100000|  0%| F|  |TAMS 0x0000000786000000, 0x0000000786000000| Untracked 
|  97|0x0000000786100000, 0x0000000786100000, 0x0000000786200000|  0%| F|  |TAMS 0x0000000786100000, 0x0000000786100000| Untracked 
|  98|0x0000000786200000, 0x0000000786200000, 0x0000000786300000|  0%| F|  |TAMS 0x0000000786200000, 0x0000000786200000| Untracked 
|  99|0x0000000786300000, 0x0000000786300000, 0x0000000786400000|  0%| F|  |TAMS 0x0000000786300000, 0x0000000786300000| Untracked 
| 100|0x0000000786400000, 0x0000000786400000, 0x0000000786500000|  0%| F|  |TAMS 0x0000000786400000, 0x0000000786400000| Untracked 
| 101|0x0000000786500000, 0x0000000786500000, 0x0000000786600000|  0%| F|  |TAMS 0x0000000786500000, 0x0000000786500000| Untracked 
| 102|0x0000000786600000, 0x0000000786600000, 0x0000000786700000|  0%| F|  |TAMS 0x0000000786600000, 0x0000000786600000| Untracked 
| 103|0x0000000786700000, 0x0000000786700000, 0x0000000786800000|  0%| F|  |TAMS 0x0000000786700000, 0x0000000786700000| Untracked 
| 104|0x0000000786800000, 0x0000000786800000, 0x0000000786900000|  0%| F|  |TAMS 0x0000000786800000, 0x0000000786800000| Untracked 
| 105|0x0000000786900000, 0x0000000786900000, 0x0000000786a00000|  0%| F|  |TAMS 0x0000000786900000, 0x0000000786900000| Untracked 
| 106|0x0000000786a00000, 0x0000000786a00000, 0x0000000786b00000|  0%| F|  |TAMS 0x0000000786a00000, 0x0000000786a00000| Untracked 
| 107|0x0000000786b00000, 0x0000000786b00000, 0x0000000786c00000|  0%| F|  |TAMS 0x0000000786b00000, 0x0000000786b00000| Untracked 
| 108|0x0000000786c00000, 0x0000000786c00000, 0x0000000786d00000|  0%| F|  |TAMS 0x0000000786c00000, 0x0000000786c00000| Untracked 
| 109|0x0000000786d00000, 0x0000000786d00000, 0x0000000786e00000|  0%| F|  |TAMS 0x0000000786d00000, 0x0000000786d00000| Untracked 
| 110|0x0000000786e00000, 0x0000000786e00000, 0x0000000786f00000|  0%| F|  |TAMS 0x0000000786e00000, 0x0000000786e00000| Untracked 
| 111|0x0000000786f00000, 0x0000000786f00000, 0x0000000787000000|  0%| F|  |TAMS 0x0000000786f00000, 0x0000000786f00000| Untracked 
| 112|0x0000000787000000, 0x0000000787000000, 0x0000000787100000|  0%| F|  |TAMS 0x0000000787000000, 0x0000000787000000| Untracked 
| 113|0x0000000787100000, 0x0000000787100000, 0x0000000787200000|  0%| F|  |TAMS 0x0000000787100000, 0x0000000787100000| Untracked 
| 114|0x0000000787200000, 0x0000000787200000, 0x0000000787300000|  0%| F|  |TAMS 0x0000000787200000, 0x0000000787200000| Untracked 
| 115|0x0000000787300000, 0x0000000787300000, 0x0000000787400000|  0%| F|  |TAMS 0x0000000787300000, 0x0000000787300000| Untracked 
| 116|0x0000000787400000, 0x00000007874fc780, 0x0000000787500000| 98%| E|  |TAMS 0x0000000787400000, 0x0000000787400000| Complete 
| 117|0x0000000787500000, 0x0000000787600000, 0x0000000787600000|100%| E|CS|TAMS 0x0000000787500000, 0x0000000787500000| Complete 
| 118|0x0000000787600000, 0x0000000787700000, 0x0000000787700000|100%| E|CS|TAMS 0x0000000787600000, 0x0000000787600000| Complete 
| 119|0x0000000787700000, 0x0000000787800000, 0x0000000787800000|100%| E|CS|TAMS 0x0000000787700000, 0x0000000787700000| Complete 
| 120|0x0000000787800000, 0x0000000787900000, 0x0000000787900000|100%| E|CS|TAMS 0x0000000787800000, 0x0000000787800000| Complete 
| 121|0x0000000787900000, 0x0000000787a00000, 0x0000000787a00000|100%| E|CS|TAMS 0x0000000787900000, 0x0000000787900000| Complete 
| 122|0x0000000787a00000, 0x0000000787b00000, 0x0000000787b00000|100%| E|CS|TAMS 0x0000000787a00000, 0x0000000787a00000| Complete 
| 123|0x0000000787b00000, 0x0000000787c00000, 0x0000000787c00000|100%| E|CS|TAMS 0x0000000787b00000, 0x0000000787b00000| Complete 
| 124|0x0000000787c00000, 0x0000000787d00000, 0x0000000787d00000|100%| E|CS|TAMS 0x0000000787c00000, 0x0000000787c00000| Complete 
| 125|0x0000000787d00000, 0x0000000787e00000, 0x0000000787e00000|100%| E|CS|TAMS 0x0000000787d00000, 0x0000000787d00000| Complete 
| 126|0x0000000787e00000, 0x0000000787f00000, 0x0000000787f00000|100%| E|CS|TAMS 0x0000000787e00000, 0x0000000787e00000| Complete 
| 127|0x0000000787f00000, 0x0000000788000000, 0x0000000788000000|100%| E|CS|TAMS 0x0000000787f00000, 0x0000000787f00000| Complete 

Card table byte_map: [0x000000010b449000,0x000000010b849000] _byte_map_base: 0x0000000107849000

Marking Bits (Prev, Next): (CMBitMap*) 0x00007fd444831850, (CMBitMap*) 0x00007fd444831818
 Prev Bits: [0x000000010ed55000, 0x0000000110d55000)
 Next Bits: [0x000000010cd55000, 0x000000010ed55000)

Polling page: 0x000000010adba000

Metaspace:

Usage:
  Non-class:     20.64 MB capacity,    20.11 MB ( 97%) used,   441.37 KB (  2%) free+waste,   105.69 KB ( <1%) overhead. 
      Class:      3.36 MB capacity,     2.99 MB ( 89%) used,   326.55 KB (  9%) free+waste,    54.81 KB (  2%) overhead. 
       Both:     24.00 MB capacity,    23.10 MB ( 96%) used,   767.91 KB (  3%) free+waste,   160.50 KB ( <1%) overhead. 

Virtual space:
  Non-class space:       22.00 MB reserved,      20.75 MB ( 94%) committed 
      Class space:        1.00 GB reserved,       3.38 MB ( <1%) committed 
             Both:        1.02 GB reserved,      24.12 MB (  2%) committed 

Chunk freelists:
   Non-Class:  48.00 KB
       Class:  0 bytes
        Both:  48.00 KB

MaxMetaspaceSize: unlimited
CompressedClassSpaceSize: 1.00 GB
Initial GC threshold: 20.80 MB
Current GC threshold: 35.00 MB
CDS: off

CodeHeap 'non-profiled nmethods': size=120032Kb used=961Kb max_used=961Kb free=119070Kb
 bounds [0x00000001234e7000, 0x0000000123757000, 0x000000012aa1f000]
CodeHeap 'profiled nmethods': size=120032Kb used=4440Kb max_used=4440Kb free=115591Kb
 bounds [0x000000011bfaf000, 0x000000011c40f000, 0x00000001234e7000]
CodeHeap 'non-nmethods': size=5696Kb used=1428Kb max_used=1455Kb free=4267Kb
 bounds [0x000000011ba1f000, 0x000000011bc8f000, 0x000000011bfaf000]
 total_blobs=3139 nmethods=2374 adapters=678
 compilation: enabled
              stopped_count=0, restarted_count=0
 full_count=0

Compilation events (20 events):
Event: 6.956 Thread 0x00007fd442817800 2371       3       javafx.scene.Node::localToScene (46 bytes)
Event: 6.957 Thread 0x00007fd442817800 nmethod 2371 0x000000011c3fdd90 code [0x000000011c3fe0a0, 0x000000011c3ff830]
Event: 6.957 Thread 0x00007fd442817800 2370       3       com.sun.prism.es2.ES2Pipeline::is3DSupported (4 bytes)
Event: 6.957 Thread 0x00007fd442817800 nmethod 2370 0x000000011c3ffe10 code [0x000000011c3fffc0, 0x000000011c4000b0]
Event: 6.977 Thread 0x00007fd442817800 2372       3       java.util.HashSet::clear (8 bytes)
Event: 6.977 Thread 0x00007fd44487a800 2373       4       java.util.HashMap::newNode (13 bytes)
Event: 6.978 Thread 0x00007fd442817800 nmethod 2372 0x000000011c400190 code [0x000000011c400340, 0x000000011c400500]
Event: 6.978 Thread 0x00007fd442817800 2374       3       javafx.css.converter.DeriveColorConverter::convert (7 bytes)
Event: 6.978 Thread 0x00007fd442817800 nmethod 2374 0x000000011c400610 code [0x000000011c4007c0, 0x000000011c4008e0]
Event: 6.978 Thread 0x00007fd442817800 2376       3       com.sun.javafx.util.Utils::HSBtoRGB (257 bytes)
Event: 6.979 Thread 0x00007fd442817800 nmethod 2376 0x000000011c400990 code [0x000000011c400c60, 0x000000011c401370]
Event: 6.979 Thread 0x00007fd442817800 2375       3       javafx.css.converter.DeriveColorConverter::convert (44 bytes)
Event: 6.981 Thread 0x00007fd442817800 nmethod 2375 0x000000011c401610 code [0x000000011c401860, 0x000000011c402070]
Event: 6.981 Thread 0x00007fd442817800 2377       3       com.sun.javafx.util.Utils::calculateBrightness (27 bytes)
Event: 6.981 Thread 0x00007fd442817800 nmethod 2377 0x000000011c402310 code [0x000000011c402500, 0x000000011c402730]
Event: 6.981 Thread 0x00007fd442817800 2378       3       javafx.scene.paint.Stop::<init> (20 bytes)
Event: 6.981 Thread 0x00007fd442817800 nmethod 2378 0x000000011c402890 code [0x000000011c402a40, 0x000000011c402bf0]
Event: 6.981 Thread 0x00007fd442817800 2381       1       java.util.concurrent.atomic.AtomicInteger::get (5 bytes)
Event: 6.982 Thread 0x00007fd442817800 nmethod 2381 0x00000001235d6590 code [0x00000001235d6740, 0x00000001235d67f0]
Event: 6.982 Thread 0x00007fd442817800 2383       3       com.sun.javafx.geom.Path2D$Iterator::isDone (20 bytes)

GC Heap History (4 events):
Event: 1.064 GC heap before
{Heap before GC invocations=0 (full 0):
 garbage-first heap   total 131072K, used 13312K [0x0000000780000000, 0x0000000800000000)
  region size 1024K, 14 young (14336K), 0 survivors (0K)
 Metaspace       used 10266K, capacity 10577K, committed 11008K, reserved 1058816K
  class space    used 1024K, capacity 1170K, committed 1280K, reserved 1048576K
}
Event: 1.070 GC heap after
{Heap after GC invocations=1 (full 0):
 garbage-first heap   total 131072K, used 2680K [0x0000000780000000, 0x0000000800000000)
  region size 1024K, 2 young (2048K), 2 survivors (2048K)
 Metaspace       used 10266K, capacity 10577K, committed 11008K, reserved 1058816K
  class space    used 1024K, capacity 1170K, committed 1280K, reserved 1048576K
}
Event: 2.407 GC heap before
{Heap before GC invocations=1 (full 0):
 garbage-first heap   total 131072K, used 32376K [0x0000000780000000, 0x0000000800000000)
  region size 1024K, 32 young (32768K), 2 survivors (2048K)
 Metaspace       used 20422K, capacity 21108K, committed 21248K, reserved 1067008K
  class space    used 2640K, capacity 2957K, committed 3072K, reserved 1048576K
}
Event: 2.418 GC heap after
{Heap after GC invocations=2 (full 0):
 garbage-first heap   total 131072K, used 6749K [0x0000000780000000, 0x0000000800000000)
  region size 1024K, 6 young (6144K), 6 survivors (6144K)
 Metaspace       used 20422K, capacity 21108K, committed 21248K, reserved 1067008K
  class space    used 2640K, capacity 2957K, committed 3072K, reserved 1048576K
}

Deoptimization events (20 events):
Event: 3.571 Thread 0x00007fd443a90000 DEOPT PACKING pc=0x000000011c356b32 sp=0x00007000019b9150
Event: 3.571 Thread 0x00007fd443a90000 DEOPT UNPACKING pc=0x000000011ba6964a sp=0x00007000019b85d0 mode 0
Event: 3.572 Thread 0x00007fd443a90000 DEOPT PACKING pc=0x000000011c356b32 sp=0x00007000019b9150
Event: 3.572 Thread 0x00007fd443a90000 DEOPT UNPACKING pc=0x000000011ba6964a sp=0x00007000019b85d0 mode 0
Event: 3.574 Thread 0x00007fd443a90000 DEOPT PACKING pc=0x000000011c356b32 sp=0x00007000019b9150
Event: 3.574 Thread 0x00007fd443a90000 DEOPT UNPACKING pc=0x000000011ba6964a sp=0x00007000019b85d0 mode 0
Event: 3.574 Thread 0x00007fd443a90000 DEOPT PACKING pc=0x000000011c356b32 sp=0x00007000019b9150
Event: 3.574 Thread 0x00007fd443a90000 DEOPT UNPACKING pc=0x000000011ba6964a sp=0x00007000019b85d0 mode 0
Event: 3.575 Thread 0x00007fd443a90000 DEOPT PACKING pc=0x000000011c369396 sp=0x00007000019b9280
Event: 3.575 Thread 0x00007fd443a90000 DEOPT UNPACKING pc=0x000000011ba6964a sp=0x00007000019b86d8 mode 0
Event: 4.961 Thread 0x00007fd443a90000 DEOPT PACKING pc=0x000000011c368ef4 sp=0x00007000019b9280
Event: 4.961 Thread 0x00007fd443a90000 DEOPT UNPACKING pc=0x000000011ba6964a sp=0x00007000019b86d8 mode 0
Event: 6.981 Thread 0x00007fd443a90000 DEOPT PACKING pc=0x000000011c356a96 sp=0x00007000019b92b0
Event: 6.981 Thread 0x00007fd443a90000 DEOPT UNPACKING pc=0x000000011ba6964a sp=0x00007000019b8730 mode 0
Event: 6.981 Thread 0x00007fd443a90000 DEOPT PACKING pc=0x000000011c356b32 sp=0x00007000019b92b0
Event: 6.981 Thread 0x00007fd443a90000 DEOPT UNPACKING pc=0x000000011ba6964a sp=0x00007000019b8730 mode 0
Event: 6.981 Thread 0x00007fd443a90000 DEOPT PACKING pc=0x000000011c356b32 sp=0x00007000019b92b0
Event: 6.982 Thread 0x00007fd443a90000 DEOPT UNPACKING pc=0x000000011ba6964a sp=0x00007000019b8730 mode 0
Event: 6.982 Thread 0x00007fd443a90000 DEOPT PACKING pc=0x000000011c356b32 sp=0x00007000019b92b0
Event: 6.982 Thread 0x00007fd443a90000 DEOPT UNPACKING pc=0x000000011ba6964a sp=0x00007000019b8730 mode 0

Classes redefined (0 events):
No events

Internal exceptions (20 events):
Event: 1.280 Thread 0x00007fd443b79800 Exception <a 'java/lang/NoSuchMethodError'{0x000000078790a5a8}: 'java.lang.Object java.lang.invoke.DirectMethodHandle$Holder.invokeSpecial(java.lang.Object, java.lang.Object, java.lang.Object, int, java.lang.Object)'> (0x000000078790a5a8) thrown at [./src/hotspot/share/interpreter/linkResolver.cpp, line 773]
Event: 1.281 Thread 0x00007fd443b79800 Exception <a 'java/lang/NoSuchMethodError'{0x0000000787914550}: 'java.lang.Object java.lang.invoke.Invokers$Holder.linkToTargetMethod(java.lang.Object, int, java.lang.Object, java.lang.Object)'> (0x0000000787914550) thrown at [./src/hotspot/share/interpreter/linkResolver.cpp, line 773]
Event: 1.423 Thread 0x00007fd443b79800 Exception <a 'java/lang/NoSuchMethodError'{0x000000078741c628}: 'void java.lang.invoke.DirectMethodHandle$Holder.invokeStaticInit(java.lang.Object, java.lang.Object)'> (0x000000078741c628) thrown at [./src/hotspot/share/interpreter/linkResolver.cpp, line 773]
Event: 1.552 Thread 0x00007fd443b79800 Exception <a 'java/lang/NoSuchMethodError'{0x00000007872f40a8}: 'void java.lang.invoke.DirectMethodHandle$Holder.invokeSpecial(java.lang.Object, java.lang.Object, java.lang.Object, java.lang.Object)'> (0x00000007872f40a8) thrown at [./src/hotspot/share/interpreter/linkResolver.cpp, line 773]
Event: 1.638 Thread 0x00007fd443b79800 Implicit null exception at 0x000000012353d715 to 0x000000012353dae0
Event: 1.796 Thread 0x00007fd443b79800 Exception <a 'java/io/FileNotFoundException'{0x0000000786adb578}> (0x0000000786adb578) thrown at [./src/hotspot/share/prims/jni.cpp, line 616]
Event: 2.087 Thread 0x00007fd443b79800 Exception <a 'java/lang/NoSuchMethodError'{0x0000000786708c58}: 'java.lang.Object java.lang.invoke.Invokers$Holder.linkToTargetMethod(java.lang.Object, int, java.lang.Object)'> (0x0000000786708c58) thrown at [./src/hotspot/share/interpreter/linkResolver.cpp, line 773]
Event: 2.109 Thread 0x00007fd443b79800 Exception <a 'java/lang/NoSuchMethodError'{0x00000007867765d8}: 'java.lang.Object java.lang.invoke.DirectMethodHandle$Holder.invokeInterface(java.lang.Object, java.lang.Object, java.lang.Object)'> (0x00000007867765d8) thrown at [./src/hotspot/share/interpreter/linkResolver.cpp, line 773]
Event: 2.109 Thread 0x00007fd443b79800 Exception <a 'java/lang/IncompatibleClassChangeError'{0x0000000786779790}: Found class java.lang.Object, but interface was expected> (0x0000000786779790) thrown at [./src/hotspot/share/interpreter/linkResolver.cpp, line 839]
Event: 2.543 Thread 0x00007fd443b79800 Exception <a 'java/lang/NoSuchMethodError'{0x0000000787c07110}: 'java.lang.Object java.lang.invoke.Invokers$Holder.linkToTargetMethod(java.lang.Object, int, int, java.lang.Object)'> (0x0000000787c07110) thrown at [./src/hotspot/share/interpreter/linkResolver.cpp, line 773]
Event: 2.681 Thread 0x00007fd443a90000 Exception <a 'java/lang/NoSuchMethodError'{0x0000000787bb98f0}: 'int java.lang.invoke.DirectMethodHandle$Holder.invokeStaticInit(java.lang.Object, java.lang.Object)'> (0x0000000787bb98f0) thrown at [./src/hotspot/share/interpreter/linkResolver.cpp, line 773]
Event: 2.927 Thread 0x00007fd443a90000 Exception <a 'java/lang/NoSuchMethodError'{0x00000007877fbb80}: 'java.lang.Object java.lang.invoke.DirectMethodHandle$Holder.invokeStaticInit(java.lang.Object, int)'> (0x00000007877fbb80) thrown at [./src/hotspot/share/interpreter/linkResolver.cpp, line 773]
Event: 3.189 Thread 0x00007fd443b79800 Exception <a 'java/lang/NoSuchMethodError'{0x00000007876ff530}: 'java.lang.Object java.lang.invoke.DirectMethodHandle$Holder.invokeStatic(java.lang.Object, java.lang.Object, long, int, int, int)'> (0x00000007876ff530) thrown at [./src/hotspot/share/interpreter/linkResolver.cpp, line 773]
Event: 3.190 Thread 0x00007fd443b79800 Exception <a 'java/lang/NoSuchMethodError'{0x00000007875139a8}: 'java.lang.Object java.lang.invoke.DirectMethodHandle$Holder.invokeStatic(java.lang.Object, java.lang.Object, int, java.lang.Object, long, int, int, int, int)'> (0x00000007875139a8) thrown at [./src/hotspot/share/interpreter/linkResolver.cpp, line 773]
Event: 3.556 Thread 0x00007fd443b79800 Exception <a 'java/lang/NoSuchMethodError'{0x00000007875a50d0}: 'java.lang.Object java.lang.invoke.DirectMethodHandle$Holder.invokeStatic(java.lang.Object, java.lang.Object, int, int, int, int, int, java.lang.Object)'> (0x00000007875a50d0) thrown at [./src/hotspot/share/interpreter/linkResolver.cpp, line 773]
Event: 3.558 Thread 0x00007fd443b79800 Exception <a 'java/lang/NoSuchMethodError'{0x00000007875b5ad8}: 'java.lang.Object java.lang.invoke.DirectMethodHandle$Holder.invokeStatic(java.lang.Object, java.lang.Object, java.lang.Object, int, int, int, int, int)'> (0x00000007875b5ad8) thrown at [./src/hotspot/share/interpreter/linkResolver.cpp, line 773]
Event: 3.559 Thread 0x00007fd443b79800 Exception <a 'java/lang/NoSuchMethodError'{0x00000007875bc348}: 'java.lang.Object java.lang.invoke.Invokers$Holder.linkToTargetMethod(java.lang.Object, java.lang.Object, int, int, int, int, int, java.lang.Object)'> (0x00000007875bc348) thrown at [./src/hotspot/share/interpreter/linkResolver.cpp, line 773]
Event: 3.562 Thread 0x00007fd443b79800 Exception <a 'java/lang/NoSuchMethodError'{0x00000007875d4e98}: 'long java.lang.invoke.DirectMethodHandle$Holder.invokeStaticInit(java.lang.Object, java.lang.Object, java.lang.Object)'> (0x00000007875d4e98) thrown at [./src/hotspot/share/interpreter/linkResolver.cpp, line 773]
Event: 3.565 Thread 0x00007fd443b79800 Exception <a 'java/lang/NoSuchMethodError'{0x00000007875ed4e0}: 'java.lang.Object java.lang.invoke.DirectMethodHandle$Holder.invokeStatic(java.lang.Object, java.lang.Object, long)'> (0x00000007875ed4e0) thrown at [./src/hotspot/share/interpreter/linkResolver.cpp, line 773]
Event: 3.566 Thread 0x00007fd443b79800 Exception <a 'java/lang/NoSuchMethodError'{0x00000007875f3658}: 'java.lang.Object java.lang.invoke.Invokers$Holder.linkToTargetMethod(java.lang.Object, long, java.lang.Object)'> (0x00000007875f3658) thrown at [./src/hotspot/share/interpreter/linkResolver.cpp, line 773]

Events (20 events):
Event: 3.622 loading class com/sun/prism/impl/ps/CachingShapeRepState$MaskCache done
Event: 3.623 loading class com/sun/prism/impl/ps/CachingShapeRepState$CacheEntry
Event: 3.623 loading class com/sun/prism/impl/ps/CachingShapeRepState$CacheEntry done
Event: 3.623 loading class com/sun/prism/impl/ps/CachingShapeRepState$CacheEntry
Event: 3.623 loading class com/sun/prism/impl/ps/CachingShapeRepState$CacheEntry done
Event: 3.623 loading class com/sun/prism/impl/ps/CachingShapeRepState$CacheEntry
Event: 3.623 loading class com/sun/prism/impl/ps/CachingShapeRepState$CacheEntry done
Event: 3.623 loading class com/sun/prism/impl/ps/CachingShapeRepState$MaskTexData
Event: 3.623 loading class com/sun/prism/impl/ps/CachingShapeRepState$MaskTexData done
Event: 3.624 loading class com/sun/prism/impl/ps/CachingShapeRepState$CSRDisposerRecord
Event: 3.624 loading class com/sun/prism/impl/ps/CachingShapeRepState$CSRDisposerRecord done
Event: 4.224 Loaded shared library /Library/Java/JavaVirtualMachines/temurin-11.jdk/Contents/Home/lib/server/libjvm.dylib
Event: 4.956 loading class com/sun/javafx/tk/quantum/GlassViewEventHandler
Event: 4.956 loading class com/sun/javafx/tk/quantum/GlassViewEventHandler done
Event: 4.956 loading class com/sun/javafx/scene/input/KeyCodeMap
Event: 4.956 loading class com/sun/javafx/scene/input/KeyCodeMap done
Event: 4.958 loading class com/sun/javafx/geometry/BoundsUtils
Event: 4.958 loading class com/sun/javafx/geometry/BoundsUtils done
Event: 4.959 loading class com/sun/prism/shape/ShapeRep$InvalidationType
Event: 4.959 loading class com/sun/prism/shape/ShapeRep$InvalidationType done


Dynamic libraries:
0x000000010ad9b000 	/Library/Java/JavaVirtualMachines/temurin-11.jdk/Contents/Home/lib/jli/libjli.dylib
0x00007ff82a35c000 	/System/Library/Frameworks/Cocoa.framework/Versions/A/Cocoa
0x00007ff8161cd000 	/System/Library/Frameworks/AppKit.framework/Versions/C/AppKit
0x00007ff8196c9000 	/System/Library/Frameworks/CoreData.framework/Versions/A/CoreData
0x00007ff8145e4000 	/System/Library/Frameworks/Foundation.framework/Versions/C/Foundation
0x00007ff81e491000 	/usr/lib/libSystem.B.dylib
0x00007ff81705f000 	/System/Library/PrivateFrameworks/UIFoundation.framework/Versions/A/UIFoundation
0x00007ff824308000 	/System/Library/PrivateFrameworks/RemoteViewServices.framework/Versions/A/RemoteViewServices
0x00007ff81c6f3000 	/System/Library/PrivateFrameworks/XCTTargetBootstrap.framework/Versions/A/XCTTargetBootstrap
0x00007ff8202a1000 	/System/Library/PrivateFrameworks/InternationalSupport.framework/Versions/A/InternationalSupport
0x00007ff82032b000 	/System/Library/PrivateFrameworks/UserActivity.framework/Versions/A/UserActivity
0x00007ff81f681000 	/usr/lib/libspindump.dylib
0x00007ff8172ed000 	/System/Library/Frameworks/UniformTypeIdentifiers.framework/Versions/A/UniformTypeIdentifiers
0x00007ff81ae2c000 	/usr/lib/libapp_launch_measurement.dylib
0x00007ff81a095000 	/System/Library/PrivateFrameworks/CoreAnalytics.framework/Versions/A/CoreAnalytics
0x00007ff81ae2f000 	/System/Library/PrivateFrameworks/CoreAutoLayout.framework/Versions/A/CoreAutoLayout
0x00007ff81c04f000 	/System/Library/Frameworks/Metal.framework/Versions/A/Metal
0x00007ff81cd69000 	/usr/lib/liblangid.dylib
0x00007ff81c6f7000 	/System/Library/PrivateFrameworks/CoreSVG.framework/Versions/A/CoreSVG
0x00007ff8186b4000 	/System/Library/PrivateFrameworks/SkyLight.framework/Versions/A/SkyLight
0x00007ff818a4a000 	/System/Library/Frameworks/CoreGraphics.framework/Versions/A/CoreGraphics
0x00007ff824977000 	/System/Library/Frameworks/Accelerate.framework/Versions/A/Accelerate
0x00007ff81f0fc000 	/System/Library/PrivateFrameworks/IconServices.framework/Versions/A/IconServices
0x00007ff81c034000 	/System/Library/Frameworks/IOSurface.framework/Versions/A/IOSurface
0x00007ff81a0c3000 	/usr/lib/libDiagnosticMessagesClient.dylib
0x00007ff81e3b1000 	/usr/lib/libz.1.dylib
0x00007ff827fe8000 	/System/Library/Frameworks/ApplicationServices.framework/Versions/A/ApplicationServices
0x00007ff81c6df000 	/System/Library/PrivateFrameworks/DFRFoundation.framework/Versions/A/DFRFoundation
0x00007ff815abe000 	/usr/lib/libicucore.A.dylib
0x00007ff820fc6000 	/System/Library/Frameworks/AudioToolbox.framework/Versions/A/AudioToolbox
0x00007ff8202ad000 	/System/Library/PrivateFrameworks/DataDetectorsCore.framework/Versions/A/DataDetectorsCore
0x00007ff91bc05000 	/System/Library/PrivateFrameworks/TextInput.framework/Versions/A/TextInput
0x00007ff818638000 	/usr/lib/libMobileGestalt.dylib
0x00007ff81c3e7000 	/System/Library/Frameworks/Carbon.framework/Versions/A/Frameworks/HIToolbox.framework/Versions/A/HIToolbox
0x00007ff81a859000 	/System/Library/Frameworks/QuartzCore.framework/Versions/A/QuartzCore
0x00007ff81575e000 	/System/Library/Frameworks/Security.framework/Versions/A/Security
0x00007ff824340000 	/System/Library/Frameworks/Carbon.framework/Versions/A/Frameworks/SpeechRecognition.framework/Versions/A/SpeechRecognition
0x00007ff81ab8c000 	/System/Library/PrivateFrameworks/CoreUI.framework/Versions/A/CoreUI
0x00007ff815036000 	/System/Library/Frameworks/CoreAudio.framework/Versions/A/CoreAudio
0x00007ff81a1b1000 	/System/Library/Frameworks/DiskArbitration.framework/Versions/A/DiskArbitration
0x00007ff81fa68000 	/System/Library/PrivateFrameworks/MultitouchSupport.framework/Versions/A/MultitouchSupport
0x00007ff818637000 	/usr/lib/libenergytrace.dylib
0x00007ff8160b9000 	/System/Library/Frameworks/IOKit.framework/Versions/A/IOKit
0x00007ff82472c000 	/System/Library/Frameworks/CoreServices.framework/Versions/A/CoreServices
0x00007ff81adc6000 	/System/Library/PrivateFrameworks/PerformanceAnalysis.framework/Versions/A/PerformanceAnalysis
0x00007ffa2b3d5000 	/System/Library/Frameworks/OpenGL.framework/Versions/A/OpenGL
0x00007ff81d9de000 	/System/Library/PrivateFrameworks/MobileKeyBag.framework/Versions/A/MobileKeyBag
0x00007ff8135a5000 	/usr/lib/libobjc.A.dylib
0x00007ff819116000 	/System/Library/Frameworks/ColorSync.framework/Versions/A/ColorSync
0x00007ff81375e000 	/System/Library/Frameworks/CoreFoundation.framework/Versions/A/CoreFoundation
0x00007ff81c970000 	/System/Library/Frameworks/CoreImage.framework/Versions/A/CoreImage
0x00007ff814e4c000 	/System/Library/Frameworks/CoreText.framework/Versions/A/CoreText
0x00007ff81c726000 	/System/Library/Frameworks/ImageIO.framework/Versions/A/ImageIO
0x00007ff81e497000 	/System/Library/PrivateFrameworks/SoftLinking.framework/Versions/A/SoftLinking
0x00007ff81ae77000 	/usr/lib/libxml2.2.dylib
0x00007ff81366b000 	/usr/lib/libc++.1.dylib
0x00007ff81e71b000 	/usr/lib/libcompression.dylib
0x00007ff8201d7000 	/System/Library/PrivateFrameworks/TextureIO.framework/Versions/A/TextureIO
0x00007ff81ee0e000 	/usr/lib/libate.dylib
0x00007ff81e48c000 	/usr/lib/system/libcache.dylib
0x00007ff81e448000 	/usr/lib/system/libcommonCrypto.dylib
0x00007ff81e471000 	/usr/lib/system/libcompiler_rt.dylib
0x00007ff81e467000 	/usr/lib/system/libcopyfile.dylib
0x00007ff81349f000 	/usr/lib/system/libcorecrypto.dylib
0x00007ff81355e000 	/usr/lib/system/libdispatch.dylib
0x00007ff81371d000 	/usr/lib/system/libdyld.dylib
0x00007ff81e483000 	/usr/lib/system/libkeymgr.dylib
0x00007ff81e426000 	/usr/lib/system/libmacho.dylib
0x00007ff81dab2000 	/usr/lib/system/libquarantine.dylib
0x00007ff81e481000 	/usr/lib/system/libremovefile.dylib
0x00007ff818684000 	/usr/lib/system/libsystem_asl.dylib
0x00007ff81344d000 	/usr/lib/system/libsystem_blocks.dylib
0x00007ff8135e2000 	/usr/lib/system/libsystem_c.dylib
0x00007ff81e479000 	/usr/lib/system/libsystem_collections.dylib
0x00007ff81cd5a000 	/usr/lib/system/libsystem_configuration.dylib
0x00007ff81c017000 	/usr/lib/system/libsystem_containermanager.dylib
0x00007ff81e163000 	/usr/lib/system/libsystem_coreservices.dylib
0x00007ff815d47000 	/usr/lib/system/libsystem_darwin.dylib
0x00007ff81e484000 	/usr/lib/system/libsystem_dnssd.dylib
0x00007ff8135df000 	/usr/lib/system/libsystem_featureflags.dylib
0x00007ff813733000 	/usr/lib/system/libsystem_info.dylib
0x00007ff81e3c4000 	/usr/lib/system/libsystem_m.dylib
0x00007ff813532000 	/usr/lib/system/libsystem_malloc.dylib
0x00007ff818621000 	/usr/lib/system/libsystem_networkextension.dylib
0x00007ff81616f000 	/usr/lib/system/libsystem_notify.dylib
0x00007ff824601000 	/usr/lib/system/libsystem_product_info_filter.dylib
0x00007ff81cd5e000 	/usr/lib/system/libsystem_sandbox.dylib
0x00007ff81e47e000 	/usr/lib/system/libsystem_secinit.dylib
0x00007ff8136da000 	/usr/lib/system/libsystem_kernel.dylib
0x00007ff813729000 	/usr/lib/system/libsystem_platform.dylib
0x00007ff813711000 	/usr/lib/system/libsystem_pthread.dylib
0x00007ff819edc000 	/usr/lib/system/libsystem_symptoms.dylib
0x00007ff813486000 	/usr/lib/system/libsystem_trace.dylib
0x00007ff81e454000 	/usr/lib/system/libunwind.dylib
0x00007ff81344f000 	/usr/lib/system/libxpc.dylib
0x00007ff8136c4000 	/usr/lib/libc++abi.dylib
0x00007ff81e45f000 	/usr/lib/liboah.dylib
0x00007ff81ebec000 	/usr/lib/liblzma.5.dylib
0x00007ff8142f5000 	/System/Library/Frameworks/SystemConfiguration.framework/Versions/A/SystemConfiguration
0x00007ff81e493000 	/usr/lib/libfakelink.dylib
0x00007ff81818a000 	/System/Library/Frameworks/CFNetwork.framework/Versions/A/CFNetwork
0x00007ff81e5d2000 	/usr/lib/libarchive.2.dylib
0x00007ff81cd65000 	/System/Library/PrivateFrameworks/AppleSystemInfo.framework/Versions/A/AppleSystemInfo
0x00007ff81dad9000 	/usr/lib/libbsm.0.dylib
0x00007ff8177c0000 	/usr/lib/libnetwork.dylib
0x00007ff81e42c000 	/usr/lib/system/libkxld.dylib
0x00007ff81d707000 	/System/Library/PrivateFrameworks/IOMobileFramebuffer.framework/Versions/A/IOMobileFramebuffer
0x00007ffb291fa000 	/usr/lib/libCoreEntitlements.dylib
0x00007ff81e145000 	/System/Library/PrivateFrameworks/AppleFSCompression.framework/Versions/A/AppleFSCompression
0x00007ff81dac1000 	/usr/lib/libcoretls.dylib
0x00007ff81ec06000 	/usr/lib/libcoretls_cfhelpers.dylib
0x00007ff81e716000 	/usr/lib/libpam.2.dylib
0x00007ff819afe000 	/usr/lib/libsqlite3.dylib
0x00007ff81ec75000 	/usr/lib/libxar.1.dylib
0x00007ff81e155000 	/usr/lib/libbz2.1.0.dylib
0x00007ff81e498000 	/usr/lib/libpcap.A.dylib
0x00007ff819ed3000 	/usr/lib/libdns_services.dylib
0x00007ff81e6e5000 	/usr/lib/libapple_nghttp2.dylib
0x00007ff81e4cf000 	/usr/lib/libiconv.2.dylib
0x00007ff81e425000 	/usr/lib/libcharset.1.dylib
0x00007ff81adfa000 	/System/Library/Frameworks/CoreServices.framework/Versions/A/Frameworks/FSEvents.framework/Versions/A/FSEvents
0x00007ff815d51000 	/System/Library/Frameworks/CoreServices.framework/Versions/A/Frameworks/CarbonCore.framework/Versions/A/CarbonCore
0x00007ff81a116000 	/System/Library/Frameworks/CoreServices.framework/Versions/A/Frameworks/Metadata.framework/Versions/A/Metadata
0x00007ff81e168000 	/System/Library/Frameworks/CoreServices.framework/Versions/A/Frameworks/OSServices.framework/Versions/A/OSServices
0x00007ff81e659000 	/System/Library/Frameworks/CoreServices.framework/Versions/A/Frameworks/SearchKit.framework/Versions/A/SearchKit
0x00007ff819e65000 	/System/Library/Frameworks/CoreServices.framework/Versions/A/Frameworks/AE.framework/Versions/A/AE
0x00007ff813c61000 	/System/Library/Frameworks/CoreServices.framework/Versions/A/Frameworks/LaunchServices.framework/Versions/A/LaunchServices
0x00007ff81eb9d000 	/System/Library/Frameworks/CoreServices.framework/Versions/A/Frameworks/DictionaryServices.framework/Versions/A/DictionaryServices
0x00007ff81ae07000 	/System/Library/Frameworks/CoreServices.framework/Versions/A/Frameworks/SharedFileList.framework/Versions/A/SharedFileList
0x00007ff81dab5000 	/usr/lib/libCheckFix.dylib
0x00007ff81869b000 	/System/Library/PrivateFrameworks/TCC.framework/Versions/A/TCC
0x00007ff81cd6b000 	/System/Library/PrivateFrameworks/CoreNLP.framework/Versions/A/CoreNLP
0x00007ff81a0c6000 	/System/Library/PrivateFrameworks/MetadataUtilities.framework/Versions/A/MetadataUtilities
0x00007ff8143a5000 	/usr/lib/libmecabra.dylib
0x00007ff81dae9000 	/usr/lib/libmecab.dylib
0x00007ff814370000 	/usr/lib/libCRFSuite.dylib
0x00007ff81db46000 	/usr/lib/libgermantok.dylib
0x00007ff81e6c0000 	/usr/lib/libThaiTokenizer.dylib
0x00007ff81a1b8000 	/System/Library/Frameworks/Accelerate.framework/Versions/A/Frameworks/vImage.framework/Versions/A/vImage
0x00007ff824703000 	/System/Library/Frameworks/Accelerate.framework/Versions/A/Frameworks/vecLib.framework/Versions/A/vecLib
0x00007ff81ecb6000 	/System/Library/Frameworks/Accelerate.framework/Versions/A/Frameworks/vecLib.framework/Versions/A/libvMisc.dylib
0x00007ff81d525000 	/System/Library/Frameworks/Accelerate.framework/Versions/A/Frameworks/vecLib.framework/Versions/A/libvDSP.dylib
0x00007ff813fd9000 	/System/Library/Frameworks/Accelerate.framework/Versions/A/Frameworks/vecLib.framework/Versions/A/libBLAS.dylib
0x00007ff81e7f7000 	/System/Library/Frameworks/Accelerate.framework/Versions/A/Frameworks/vecLib.framework/Versions/A/libLAPACK.dylib
0x00007ff81db49000 	/System/Library/Frameworks/Accelerate.framework/Versions/A/Frameworks/vecLib.framework/Versions/A/libLinearAlgebra.dylib
0x00007ff81e6fe000 	/System/Library/Frameworks/Accelerate.framework/Versions/A/Frameworks/vecLib.framework/Versions/A/libSparseBLAS.dylib
0x00007ff81e7f1000 	/System/Library/Frameworks/Accelerate.framework/Versions/A/Frameworks/vecLib.framework/Versions/A/libQuadrature.dylib
0x00007ff81ce55000 	/System/Library/Frameworks/Accelerate.framework/Versions/A/Frameworks/vecLib.framework/Versions/A/libBNNS.dylib
0x00007ff814286000 	/System/Library/Frameworks/Accelerate.framework/Versions/A/Frameworks/vecLib.framework/Versions/A/libSparse.dylib
0x00007ff81ce4e000 	/System/Library/PrivateFrameworks/LinguisticData.framework/Versions/A/LinguisticData
0x00007ff81423b000 	/System/Library/PrivateFrameworks/Lexicon.framework/Versions/A/Lexicon
0x00007ff81ecaf000 	/usr/lib/libChineseTokenizer.dylib
0x00007ff81499f000 	/System/Library/PrivateFrameworks/LanguageModeling.framework/Versions/A/LanguageModeling
0x00007ff81e6c2000 	/System/Library/PrivateFrameworks/AppleSauce.framework/Versions/A/AppleSauce
0x00007ff81d6f5000 	/System/Library/PrivateFrameworks/CoreEmoji.framework/Versions/A/CoreEmoji
0x00007ff81e5c1000 	/usr/lib/libcmph.dylib
0x00007ff81adde000 	/System/Library/Frameworks/OpenDirectory.framework/Versions/A/Frameworks/CFOpenDirectory.framework/Versions/A/CFOpenDirectory
0x00007ff81add2000 	/System/Library/Frameworks/OpenDirectory.framework/Versions/A/OpenDirectory
0x00007ff81ec08000 	/System/Library/PrivateFrameworks/APFS.framework/Versions/A/APFS
0x00007ff81da16000 	/System/Library/Frameworks/SecurityFoundation.framework/Versions/A/SecurityFoundation
0x00007ff81ec83000 	/usr/lib/libutil.dylib
0x00007ff81607c000 	/System/Library/PrivateFrameworks/CoreServicesStore.framework/Versions/A/CoreServicesStore
0x00007ff81ec87000 	/usr/lib/libxslt.1.dylib
0x00007ff81daa3000 	/System/Library/PrivateFrameworks/BackgroundTaskManagement.framework/Versions/A/BackgroundTaskManagement
0x00007ff8200f7000 	/System/Library/Frameworks/ImageIO.framework/Versions/A/Resources/libRadiance.dylib
0x00007ff820100000 	/System/Library/Frameworks/ImageIO.framework/Versions/A/Resources/libJPEG.dylib
0x00007ff820050000 	/System/Library/Frameworks/ImageIO.framework/Versions/A/Resources/libPng.dylib
0x00007ff820071000 	/System/Library/Frameworks/ImageIO.framework/Versions/A/Resources/libTIFF.dylib
0x00007ff820160000 	/System/Library/Frameworks/ImageIO.framework/Versions/A/Resources/libGIF.dylib
0x00007ff81f981000 	/System/Library/Frameworks/ImageIO.framework/Versions/A/Resources/libJP2.dylib
0x00007ff81f0c3000 	/usr/lib/libexpat.1.dylib
0x00007ff81f936000 	/System/Library/PrivateFrameworks/AppleJPEG.framework/Versions/A/AppleJPEG
0x00007ff81c2aa000 	/System/Library/PrivateFrameworks/FontServices.framework/libFontParser.dylib
0x00007ff819e0f000 	/System/Library/PrivateFrameworks/RunningBoardServices.framework/Versions/A/RunningBoardServices
0x00007ff82a8d8000 	/System/Library/PrivateFrameworks/IOSurfaceAccelerator.framework/Versions/A/IOSurfaceAccelerator
0x00007ff81fa64000 	/System/Library/PrivateFrameworks/WatchdogClient.framework/Versions/A/WatchdogClient
0x00007ff814a8e000 	/System/Library/Frameworks/CoreDisplay.framework/Versions/A/CoreDisplay
0x00007ff81c1a9000 	/System/Library/Frameworks/CoreMedia.framework/Versions/A/CoreMedia
0x00007ff81c046000 	/System/Library/PrivateFrameworks/IOAccelerator.framework/Versions/A/IOAccelerator
0x00007ff81af5a000 	/System/Library/Frameworks/CoreVideo.framework/Versions/A/CoreVideo
0x00007ff81e714000 	/System/Library/Frameworks/MetalPerformanceShaders.framework/Versions/A/MetalPerformanceShaders
0x00007ff81fa9f000 	/System/Library/Frameworks/VideoToolbox.framework/Versions/A/VideoToolbox
0x00007ff819d57000 	/System/Library/PrivateFrameworks/BaseBoard.framework/Versions/A/BaseBoard
0x00007ff819ae4000 	/System/Library/PrivateFrameworks/ProtocolBuffer.framework/Versions/A/ProtocolBuffer
0x00007ff8200f0000 	/System/Library/PrivateFrameworks/GPUWrangler.framework/Versions/A/GPUWrangler
0x00007ff8200d3000 	/System/Library/PrivateFrameworks/IOPresentment.framework/Versions/A/IOPresentment
0x00007ff8200fa000 	/System/Library/PrivateFrameworks/DSExternalDisplay.framework/Versions/A/DSExternalDisplay
0x00007ffa2b3c9000 	/System/Library/Frameworks/OpenGL.framework/Versions/A/Libraries/libCoreFSCache.dylib
0x00007ffb1746a000 	/System/Library/PrivateFrameworks/GPUCompiler.framework/Versions/31001/Libraries/libGPUCompilerUtils.dylib
0x00007ff820165000 	/System/Library/PrivateFrameworks/CMCaptureCore.framework/Versions/A/CMCaptureCore
0x00007ff81f66f000 	/System/Library/PrivateFrameworks/AppServerSupport.framework/Versions/A/AppServerSupport
0x00007ff82184c000 	/System/Library/PrivateFrameworks/perfdata.framework/Versions/A/perfdata
0x00007ff814bba000 	/System/Library/PrivateFrameworks/AudioToolboxCore.framework/Versions/A/AudioToolboxCore
0x00007ff81c186000 	/System/Library/PrivateFrameworks/caulk.framework/Versions/A/caulk
0x00007ff821170000 	/usr/lib/libAudioStatistics.dylib
0x00007ff918493000 	/System/Library/PrivateFrameworks/SystemPolicy.framework/Versions/A/SystemPolicy
0x00007ff8213c5000 	/usr/lib/libSMC.dylib
0x00007ff82a20f000 	/System/Library/Frameworks/CoreMIDI.framework/Versions/A/CoreMIDI
0x00007ff820020000 	/usr/lib/libAudioToolboxUtility.dylib
0x00007ff9148a5000 	/System/Library/PrivateFrameworks/OSAServicesClient.framework/Versions/A/OSAServicesClient
0x00007ff821859000 	/usr/lib/libperfcheck.dylib
0x00007ff918f25000 	/usr/lib/libmis.dylib
0x00007ffa2b425000 	/System/Library/Frameworks/OpenGL.framework/Versions/A/Libraries/libGLU.dylib
0x00007ffa2b3e8000 	/System/Library/Frameworks/OpenGL.framework/Versions/A/Libraries/libGFXShared.dylib
0x00007ffa2b5f6000 	/System/Library/Frameworks/OpenGL.framework/Versions/A/Libraries/libGL.dylib
0x00007ffa2b3f1000 	/System/Library/Frameworks/OpenGL.framework/Versions/A/Libraries/libGLImage.dylib
0x00007ffa2b3e5000 	/System/Library/Frameworks/OpenGL.framework/Versions/A/Libraries/libCVMSPluginSupport.dylib
0x00007ffa2b3d0000 	/System/Library/Frameworks/OpenGL.framework/Versions/A/Libraries/libCoreVMClient.dylib
0x00007ff81cce9000 	/System/Library/Frameworks/MetalPerformanceShaders.framework/Versions/A/Frameworks/MPSCore.framework/Versions/A/MPSCore
0x00007ff81e0b0000 	/System/Library/Frameworks/MetalPerformanceShaders.framework/Versions/A/Frameworks/MPSImage.framework/Versions/A/MPSImage
0x00007ff81db5f000 	/System/Library/Frameworks/MetalPerformanceShaders.framework/Versions/A/Frameworks/MPSNeuralNetwork.framework/Versions/A/MPSNeuralNetwork
0x00007ff81dfd4000 	/System/Library/Frameworks/MetalPerformanceShaders.framework/Versions/A/Frameworks/MPSMatrix.framework/Versions/A/MPSMatrix
0x00007ff81dd90000 	/System/Library/Frameworks/MetalPerformanceShaders.framework/Versions/A/Frameworks/MPSRayIntersector.framework/Versions/A/MPSRayIntersector
0x00007ff81e00d000 	/System/Library/Frameworks/MetalPerformanceShaders.framework/Versions/A/Frameworks/MPSNDArray.framework/Versions/A/MPSNDArray
0x00007ffa2ffea000 	/System/Library/Frameworks/MetalPerformanceShaders.framework/Versions/A/Frameworks/MPSFunctions.framework/Versions/A/MPSFunctions
0x00007ff813ebc000 	/System/Library/PrivateFrameworks/MetalTools.framework/Versions/A/MetalTools
0x00007ff81cd63000 	/System/Library/PrivateFrameworks/AggregateDictionary.framework/Versions/A/AggregateDictionary
0x00007ff81eea5000 	/usr/lib/libIOReport.dylib
0x00007ffa2ca05000 	/System/Library/Frameworks/OpenCL.framework/Versions/A/OpenCL
0x00007ff81f209000 	/System/Library/PrivateFrameworks/FaceCore.framework/Versions/A/FaceCore
0x00007ff81f1fa000 	/System/Library/PrivateFrameworks/GraphVisualizer.framework/Versions/A/GraphVisualizer
0x00007ffb17375000 	/System/Library/PrivateFrameworks/FontServices.framework/Versions/A/FontServices
0x00007ff81f626000 	/System/Library/PrivateFrameworks/OTSVG.framework/Versions/A/OTSVG
0x00007ff81ab42000 	/System/Library/Frameworks/ApplicationServices.framework/Versions/A/Frameworks/ATS.framework/Versions/A/Resources/libFontRegistry.dylib
0x00007ff81f677000 	/System/Library/PrivateFrameworks/FontServices.framework/libhvf.dylib
0x00007ffb17376000 	/System/Library/PrivateFrameworks/FontServices.framework/libXTFontStaticRegistryData.dylib
0x00007ff81f073000 	/System/Library/PrivateFrameworks/AppleVA.framework/Versions/A/AppleVA
0x00007ff821194000 	/System/Library/Frameworks/ApplicationServices.framework/Versions/A/Frameworks/ATS.framework/Versions/A/ATS
0x00007ff819212000 	/System/Library/Frameworks/ApplicationServices.framework/Versions/A/Frameworks/HIServices.framework/Versions/A/HIServices
0x00007ff82016f000 	/System/Library/Frameworks/ApplicationServices.framework/Versions/A/Frameworks/PrintCore.framework/Versions/A/PrintCore
0x00007ff821518000 	/System/Library/Frameworks/ApplicationServices.framework/Versions/A/Frameworks/QD.framework/Versions/A/QD
0x00007ff821510000 	/System/Library/Frameworks/ApplicationServices.framework/Versions/A/Frameworks/ColorSyncLegacy.framework/Versions/A/ColorSyncLegacy
0x00007ff821184000 	/System/Library/Frameworks/ApplicationServices.framework/Versions/A/Frameworks/SpeechSynthesis.framework/Versions/A/SpeechSynthesis
0x00007ff820130000 	/System/Library/Frameworks/ApplicationServices.framework/Versions/A/Frameworks/ATSUI.framework/Versions/A/ATSUI
0x00007ff8214a5000 	/usr/lib/libcups.2.dylib
0x00007ff821868000 	/System/Library/Frameworks/Kerberos.framework/Versions/A/Kerberos
0x00007ff821877000 	/System/Library/Frameworks/GSS.framework/Versions/A/GSS
0x00007ff821200000 	/usr/lib/libresolv.9.dylib
0x00007ff81f686000 	/System/Library/PrivateFrameworks/Heimdal.framework/Versions/A/Heimdal
0x00007ff828365000 	/System/Library/Frameworks/Kerberos.framework/Versions/A/Libraries/libHeimdalProxy.dylib
0x00007ff819ee4000 	/System/Library/Frameworks/Network.framework/Versions/A/Network
0x00007ff81f0dd000 	/usr/lib/libheimdal-asn1.dylib
0x00007ff8218c3000 	/System/Library/PrivateFrameworks/CommonAuth.framework/Versions/A/CommonAuth
0x00007ff821101000 	/System/Library/PrivateFrameworks/AudioSession.framework/Versions/A/AudioSession
0x00007ff81f16d000 	/System/Library/PrivateFrameworks/MediaExperience.framework/Versions/A/MediaExperience
0x00007ff820f95000 	/System/Library/PrivateFrameworks/AudioSession.framework/libSessionUtility.dylib
0x00007ff821524000 	/System/Library/PrivateFrameworks/AudioResourceArbitration.framework/Versions/A/AudioResourceArbitration
0x00007ff825516000 	/System/Library/PrivateFrameworks/PowerLog.framework/Versions/A/PowerLog
0x00007ff81f0e6000 	/System/Library/PrivateFrameworks/IconFoundation.framework/Versions/A/IconFoundation
0x00007ff824330000 	/System/Library/PrivateFrameworks/SpeechRecognitionCore.framework/Versions/A/SpeechRecognitionCore
0x000000010bb62000 	/Library/Java/JavaVirtualMachines/temurin-11.jdk/Contents/Home/lib/server/libjvm.dylib
0x000000010adca000 	/Library/Java/JavaVirtualMachines/temurin-11.jdk/Contents/Home/lib/libverify.dylib
0x000000010ae07000 	/Library/Java/JavaVirtualMachines/temurin-11.jdk/Contents/Home/lib/libjava.dylib
0x000000010addb000 	/Library/Java/JavaVirtualMachines/temurin-11.jdk/Contents/Home/lib/libjimage.dylib
0x000000010adf4000 	/Library/Java/JavaVirtualMachines/temurin-11.jdk/Contents/Home/lib/libzip.dylib
0x000000010b8ad000 	/Library/Java/JavaVirtualMachines/temurin-11.jdk/Contents/Home/lib/libnio.dylib
0x000000010b8d9000 	/Library/Java/JavaVirtualMachines/temurin-11.jdk/Contents/Home/lib/libnet.dylib
0x000000010b8c0000 	/Users/valentina/.openjfx/cache/11/libprism_es2.dylib
0x00007ff81603d000 	/System/Library/PrivateFrameworks/CoreServicesInternal.framework/Versions/A/CoreServicesInternal
0x00007ffa2b601000 	/System/Library/Frameworks/OpenGL.framework/Versions/A/Resources/GLEngine.bundle/GLEngine
0x00007ffa2b463000 	/System/Library/Frameworks/OpenGL.framework/Versions/A/Libraries/libGLProgrammability.dylib
0x00007ffa23135000 	/System/Library/Extensions/AppleIntelBDWGraphicsGLDriver.bundle/Contents/MacOS/AppleIntelBDWGraphicsGLDriver
0x00007ff922e09000 	/System/Library/PrivateFrameworks/GPUSupport.framework/Versions/A/Libraries/libGPUSupportMercury.dylib
0x00007ffa2b790000 	/System/Library/Frameworks/OpenGL.framework/Versions/A/Resources/GLRendererFloat.bundle/GLRendererFloat
0x00000001131cb000 	/Users/valentina/.openjfx/cache/11/libglass.dylib
0x00007ff825b07000 	/System/Library/Frameworks/FileProvider.framework/Versions/A/FileProvider
0x00007ff819cc3000 	/System/Library/Frameworks/Accounts.framework/Versions/A/Accounts
0x00007ff825c7f000 	/System/Library/PrivateFrameworks/GenerationalStorage.framework/Versions/A/GenerationalStorage
0x00007ff826791000 	/System/Library/PrivateFrameworks/CoreSymbolication.framework/Versions/A/CoreSymbolication
0x00007ff82550b000 	/System/Library/PrivateFrameworks/SymptomDiagnosticReporter.framework/Versions/A/SymptomDiagnosticReporter
0x00007ff817301000 	/System/Library/PrivateFrameworks/DesktopServicesPriv.framework/Versions/A/DesktopServicesPriv
0x00007ff81617e000 	/usr/lib/libsandbox.1.dylib
0x00007ff81afd9000 	/System/Library/PrivateFrameworks/UserManagement.framework/Versions/A/UserManagement
0x00007ff826756000 	/System/Library/PrivateFrameworks/DebugSymbols.framework/Versions/A/DebugSymbols
0x00007ff821505000 	/System/Library/PrivateFrameworks/NetAuth.framework/Versions/A/NetAuth
0x00007ff8223f4000 	/System/Library/PrivateFrameworks/Sharing.framework/Versions/A/Sharing
0x00007ff81afac000 	/System/Library/PrivateFrameworks/login.framework/Versions/A/Frameworks/loginsupport.framework/Versions/A/loginsupport
0x00007ff827897000 	/System/Library/PrivateFrameworks/Apple80211.framework/Versions/A/Apple80211
0x00007ff81e195000 	/System/Library/PrivateFrameworks/AuthKit.framework/Versions/A/AuthKit
0x00007ff81d7eb000 	/System/Library/PrivateFrameworks/CoreUtils.framework/Versions/A/CoreUtils
0x00007ff81d712000 	/System/Library/Frameworks/CoreWLAN.framework/Versions/A/CoreWLAN
0x00007ff82254f000 	/System/Library/Frameworks/IOBluetooth.framework/Versions/A/IOBluetooth
0x00007ff8278ff000 	/System/Library/PrivateFrameworks/CoreWiFi.framework/Versions/A/CoreWiFi
0x00007ff82632b000 	/System/Library/PrivateFrameworks/FrontBoardServices.framework/Versions/A/FrontBoardServices
0x00007ff8263bd000 	/System/Library/PrivateFrameworks/BoardServices.framework/Versions/A/BoardServices
0x00007ff81da05000 	/System/Library/PrivateFrameworks/AssertionServices.framework/Versions/A/AssertionServices
0x00007ff827a83000 	/System/Library/PrivateFrameworks/BackBoardServices.framework/Versions/A/BackBoardServices
0x00007ff821952000 	/System/Library/PrivateFrameworks/CorePhoneNumbers.framework/Versions/A/CorePhoneNumbers
0x00007ff825628000 	/System/Library/PrivateFrameworks/DiskManagement.framework/Versions/A/DiskManagement
0x00007ff82553c000 	/System/Library/PrivateFrameworks/AppleIDAuthSupport.framework/Versions/A/AppleIDAuthSupport
0x00007ffa31fa3000 	/System/Library/PrivateFrameworks/AAAFoundation.framework/Versions/A/AAAFoundation
0x00007ff821933000 	/System/Library/PrivateFrameworks/KeychainCircle.framework/Versions/A/KeychainCircle
0x00007ff8255f4000 	/System/Library/PrivateFrameworks/MediaKit.framework/Versions/A/MediaKit
0x00007ff825548000 	/System/Library/Frameworks/DiscRecording.framework/Versions/A/DiscRecording
0x00007ff81efeb000 	/usr/lib/libCoreStorage.dylib
0x00007ff827d72000 	/usr/lib/libcsfde.dylib
0x00007ff82261c000 	/System/Library/PrivateFrameworks/ProtectedCloudStorage.framework/Versions/A/ProtectedCloudStorage
0x00007ff827d6e000 	/System/Library/PrivateFrameworks/EFILogin.framework/Versions/A/EFILogin
0x00007ff825ca5000 	/System/Library/PrivateFrameworks/OctagonTrust.framework/Versions/A/OctagonTrust
0x00007ffb16697000 	/System/Library/PrivateFrameworks/CoreUtilsExtras.framework/Versions/A/CoreUtilsExtras
0x00007ff82547e000 	/System/Library/Frameworks/CoreBluetooth.framework/Versions/A/CoreBluetooth
0x00007ff8283ea000 	/System/Library/Frameworks/AudioUnit.framework/Versions/A/AudioUnit
0x00007ff81efe3000 	/usr/lib/libMatch.1.dylib
0x00007ff91d389000 	/System/Library/Frameworks/Accelerate.framework/Versions/A/Frameworks/vImage.framework/Versions/A/Libraries/libCGInterfaces.dylib
0x000000012e769000 	/usr/lib/libobjc-trampolines.dylib
0x00007ff81acd2000 	/System/Library/PrivateFrameworks/ViewBridge.framework/Versions/A/ViewBridge
0x00007ffb2930c000 	/usr/lib/libRosetta.dylib
0x000000013149b000 	/Users/valentina/.openjfx/cache/11/libjavafx_font.dylib
0x00007ff81f740000 	/System/Library/PrivateFrameworks/login.framework/Versions/A/login
0x00007ff8249fb000 	/System/Library/PrivateFrameworks/SystemAdministration.framework/Versions/A/SystemAdministration
0x00007ff820397000 	/System/Library/Frameworks/MediaToolbox.framework/Versions/A/MediaToolbox
0x00007ff8242fc000 	/System/Library/Frameworks/DirectoryService.framework/Versions/A/DirectoryService
0x00007ff827c10000 	/System/Library/PrivateFrameworks/DiskImages.framework/Versions/A/DiskImages
0x00007ff81daad000 	/System/Library/Frameworks/ServiceManagement.framework/Versions/A/ServiceManagement
0x00007ff827dea000 	/System/Library/PrivateFrameworks/LoginUIKit.framework/Versions/A/Frameworks/LoginUICore.framework/Versions/A/LoginUICore
0x00007ff81f8ee000 	/usr/lib/libodfde.dylib
0x00007ff825ad7000 	/System/Library/PrivateFrameworks/CoreAVCHD.framework/Versions/A/CoreAVCHD
0x00007ff8249bf000 	/System/Library/Frameworks/MediaAccessibility.framework/Versions/A/MediaAccessibility
0x00007ff825ad3000 	/System/Library/PrivateFrameworks/Mangrove.framework/Versions/A/Mangrove
0x00007ff8249ca000 	/System/Library/PrivateFrameworks/AlgosScoreFramework.framework/Versions/A/AlgosScoreFramework
0x00007ffb13adc000 	/System/Library/PrivateFrameworks/CMPhoto.framework/Versions/A/CMPhoto
0x00007ff82662c000 	/System/Library/PrivateFrameworks/AppleVPA.framework/Versions/A/AppleVPA
0x00007ff825718000 	/System/Library/PrivateFrameworks/CoreAUC.framework/Versions/A/CoreAUC
0x00007ff827d7e000 	/usr/lib/libcurl.4.dylib
0x00007ff827adb000 	/usr/lib/libcrypto.44.dylib
0x00007ff827be3000 	/usr/lib/libssl.46.dylib
0x00007ff827aa1000 	/System/Library/Frameworks/LDAP.framework/Versions/A/LDAP
0x00007ff827ad9000 	/System/Library/PrivateFrameworks/TrustEvaluationAgent.framework/Versions/A/TrustEvaluationAgent
0x00007ff821219000 	/usr/lib/libsasl2.2.dylib
0x00007ff8249ef000 	/System/Library/PrivateFrameworks/CoreDaemon.framework/Versions/B/CoreDaemon
0x00007ff8249ea000 	/System/Library/PrivateFrameworks/AppleSRP.framework/Versions/A/AppleSRP


VM Arguments:
jvm_args: -Dfile.encoding=UTF-8 
java_command: it.polito.tdp.PremierLeague.Main
java_class_path (initial): /Users/valentina/git/2020-06-03-simulazione/target/classes:/Users/valentina/.m2/repository/org/openjfx/javafx-controls/11/javafx-controls-11.jar:/Users/valentina/.m2/repository/org/openjfx/javafx-controls/11/javafx-controls-11-mac.jar:/Users/valentina/.m2/repository/org/openjfx/javafx-graphics/11/javafx-graphics-11.jar:/Users/valentina/.m2/repository/org/openjfx/javafx-graphics/11/javafx-graphics-11-mac.jar:/Users/valentina/.m2/repository/org/openjfx/javafx-base/11/javafx-base-11.jar:/Users/valentina/.m2/repository/org/openjfx/javafx-base/11/javafx-base-11-mac.jar:/Users/valentina/.m2/repository/org/openjfx/javafx-fxml/11/javafx-fxml-11.jar:/Users/valentina/.m2/repository/org/openjfx/javafx-fxml/11/javafx-fxml-11-mac.jar:/Users/valentina/.m2/repository/com/zaxxer/HikariCP/3.4.2/HikariCP-3.4.2.jar:/Users/valentina/.m2/repository/org/jgrapht/jgrapht-core/1.4.0/jgrapht-core-1.4.0.jar:/Users/valentina/.m2/repository/org/jheaps/jheaps/0.11/jheaps-0.11.jar:/Users/valentina/.m2/repository/org/mariadb/jdbc/mariadb-java-client/2.5.4/mariadb-java-client-2.5.4.jar:/Users/valentina/.m2/repository/org/slf4j/slf4j-api/1.7.30/slf4j-api-1.7.30.jar:/Users/valentina/.m2/repository/org/slf4j/slf4j-simple/1.7.30/slf4j-simple-1.7.30.jar
Launcher Type: SUN_STANDARD

[Global flags]
     intx CICompilerCount                          = 3                                         {product} {ergonomic}
     uint ConcGCThreads                            = 1                                         {product} {ergonomic}
     uint G1ConcRefinementThreads                  = 4                                         {product} {ergonomic}
   size_t G1HeapRegionSize                         = 1048576                                   {product} {ergonomic}
    uintx GCDrainStackTargetSize                   = 64                                        {product} {ergonomic}
   size_t InitialHeapSize                          = 134217728                                 {product} {ergonomic}
   size_t MarkStackSize                            = 4194304                                   {product} {ergonomic}
   size_t MaxHeapSize                              = 2147483648                                {product} {ergonomic}
   size_t MaxNewSize                               = 1287651328                                {product} {ergonomic}
   size_t MinHeapDeltaBytes                        = 1048576                                   {product} {ergonomic}
    uintx NonNMethodCodeHeapSize                   = 5830732                                {pd product} {ergonomic}
    uintx NonProfiledCodeHeapSize                  = 122913754                              {pd product} {ergonomic}
    uintx ProfiledCodeHeapSize                     = 122913754                              {pd product} {ergonomic}
    uintx ReservedCodeCacheSize                    = 251658240                              {pd product} {ergonomic}
     bool SegmentedCodeCache                       = true                                      {product} {ergonomic}
     bool UseCompressedClassPointers               = true                                 {lp64_product} {ergonomic}
     bool UseCompressedOops                        = true                                 {lp64_product} {ergonomic}
     bool UseG1GC                                  = true                                      {product} {ergonomic}

Logging:
Log output configuration:
 #0: stdout all=warning uptime,level,tags
 #1: stderr all=off uptime,level,tags

Environment Variables:
PATH=/usr/bin:/bin:/usr/sbin:/sbin
SHELL=/bin/bash

Signal Handlers:
SIGSEGV: [libjvm.dylib+0x7c69d4], sa_mask[0]=11111111011111110111111111111111, sa_flags=SA_ONSTACK|SA_RESTART|SA_SIGINFO
SIGBUS: [libjvm.dylib+0x7c69d4], sa_mask[0]=11111111011111110111111111111111, sa_flags=SA_RESTART|SA_SIGINFO
SIGFPE: [libjvm.dylib+0x7c69d4], sa_mask[0]=11111111011111110111111111111111, sa_flags=SA_RESTART|SA_SIGINFO
SIGPIPE: [libjvm.dylib+0x62b2ae], sa_mask[0]=11111111011111110111111111111111, sa_flags=SA_RESTART|SA_SIGINFO
SIGXFSZ: [libjvm.dylib+0x62b2ae], sa_mask[0]=11111111011111110111111111111111, sa_flags=SA_RESTART|SA_SIGINFO
SIGILL: [libjvm.dylib+0x7c69d4], sa_mask[0]=11111111011111110111111111111111, sa_flags=SA_RESTART|SA_SIGINFO
SIGUSR2: [libjvm.dylib+0x62b895], sa_mask[0]=00100000000000000000000000000000, sa_flags=SA_RESTART|SA_SIGINFO
SIGHUP: [libjvm.dylib+0x62a477], sa_mask[0]=11111111011111110111111111111111, sa_flags=SA_RESTART|SA_SIGINFO
SIGINT: [libjvm.dylib+0x62a477], sa_mask[0]=11111111011111110111111111111111, sa_flags=SA_RESTART|SA_SIGINFO
SIGTERM: [libjvm.dylib+0x62a477], sa_mask[0]=11111111011111110111111111111111, sa_flags=SA_RESTART|SA_SIGINFO
SIGQUIT: [libjvm.dylib+0x62a477], sa_mask[0]=11111111011111110111111111111111, sa_flags=SA_RESTART|SA_SIGINFO


---------------  S Y S T E M  ---------------

OS:uname:Darwin 21.3.0 Darwin Kernel Version 21.3.0: Wed Jan  5 21:37:58 PST 2022; root:xnu-8019.80.24~20/RELEASE_X86_64 x86_64
OS uptime: 3 days 5:40 hours
rlimit (soft/hard): STACK 8192k/65532k , CORE 0k/infinity , NPROC 1392/2088 , NOFILE 10240/infinity , AS infinity/infinity , CPU infinity/infinity , DATA infinity/infinity , FSIZE infinity/infinity , MEMLOCK infinity/infinity , RSS infinity/infinity
load average:8.51 6.23 5.09

CPU:total 4 (initial active 4) (2 cores per cpu, 2 threads per core) family 6 model 61 stepping 4 microcode 0x2f, cmov, cx8, fxsr, mmx, sse, sse2, sse3, ssse3, sse4.1, sse4.2, popcnt, avx, avx2, aes, clmul, erms, 3dnowpref, lzcnt, ht, tsc, tscinvbit, bmi1, bmi2, adx, fma

Memory: 4k page, physical 8388608k(64028k free), swap 2097152k(1236480k free)

vm_info: OpenJDK 64-Bit Server VM (11.0.14.1+1) for bsd-amd64 JRE (11.0.14.1+1), built on Feb  8 2022 17:43:13 by "jenkins" with clang 4.2.1 Compatible Apple LLVM 10.0.1 (clang-1001.0.46.4)

END.
